TN:
SF:script/DeployCuCoin.s.sol
DA:17,14
FN:17,DeployCuCoin.run
FNDA:14,DeployCuCoin.run
DA:18,14
DA:20,14
DA:21,14
DA:29,14
DA:30,14
DA:32,14
DA:33,14
DA:34,14
DA:35,14
DA:39,14
DA:40,14
FNF:1
FNH:1
LF:12
LH:12
BRF:0
BRH:0
end_of_record
TN:
SF:script/HelperConfig.sol
DA:26,14
FN:26,HelperConfig.constructor
FNDA:14,HelperConfig.constructor
DA:27,14
BRDA:27,0,0,-
BRDA:27,0,1,14
DA:28,0
DA:30,14
DA:34,0
FN:34,HelperConfig.getSepoliaEthConfig
FNDA:0,HelperConfig.getSepoliaEthConfig
DA:35,0
DA:44,14
FN:44,HelperConfig.getOrCreateAnvilEthConfig
FNDA:14,HelperConfig.getOrCreateAnvilEthConfig
DA:46,14
BRDA:46,1,0,-
DA:47,0
DA:50,14
DA:51,14
DA:52,14
DA:54,14
DA:55,14
DA:56,14
DA:58,14
FNF:3
FNH:2
LF:16
LH:12
BRF:3
BRH:1
end_of_record
TN:
SF:src/CuStableCoin.sol
DA:24,0
FN:24,CuStableCoin.mint
FNDA:0,CuStableCoin.mint
DA:25,0
BRDA:25,0,0,-
DA:26,0
DA:28,0
BRDA:28,1,0,-
DA:29,0
DA:31,0
BRDA:31,2,0,-
DA:32,0
DA:34,0
DA:35,0
DA:39,0
FN:39,CuStableCoin.burn
FNDA:0,CuStableCoin.burn
DA:40,0
BRDA:40,3,0,-
DA:41,0
DA:44,0
DA:45,0
FNF:2
FNH:0
LF:14
LH:0
BRF:4
BRH:0
end_of_record
TN:
SF:src/Libraries/OracleLib.sol
DA:20,0
FN:20,OracleLib.staleCheckLatestRoundData
FNDA:0,OracleLib.staleCheckLatestRoundData
DA:25,0
DA:26,0
DA:28,0
BRDA:28,0,0,-
DA:29,0
DA:31,0
DA:32,0
BRDA:32,1,0,-
DA:34,0
DA:37,0
FN:37,OracleLib.getTimeout
FNDA:0,OracleLib.getTimeout
DA:38,0
FNF:2
FNH:0
LF:10
LH:0
BRF:2
BRH:0
end_of_record
TN:
SF:test/mocks/ERC20Mock.sol
DA:10,29
FN:10,ERC20Mock.constructor
FNDA:29,ERC20Mock.constructor
DA:14,29
DA:17,3
FN:17,ERC20Mock.mint
FNDA:3,ERC20Mock.mint
DA:18,3
DA:21,0
FN:21,ERC20Mock.burn
FNDA:0,ERC20Mock.burn
DA:22,0
DA:25,0
FN:25,ERC20Mock.transferInternal
FNDA:0,ERC20Mock.transferInternal
DA:26,0
DA:29,0
FN:29,ERC20Mock.approveInternal
FNDA:0,ERC20Mock.approveInternal
DA:30,0
DA:33,4
FN:33,ERC20Mock.balanceOf
FNDA:4,ERC20Mock.balanceOf
DA:34,4
FNF:6
FNH:3
LF:12
LH:6
BRF:0
BRH:0
end_of_recordDecentralizedStableCoin
TN:
SF:test/mocks/MockV3Aggregator.sol
DA:24,28
FN:24,MockV3Aggregator.constructor
FNDA:28,MockV3Aggregator.constructor
DA:25,28
DA:26,28
DA:29,28
FN:29,MockV3Aggregator.updateAnswer
FNDA:28,MockV3Aggregator.updateAnswer
DA:30,28
DA:31,28
DA:32,28
DA:33,28
DA:34,28
DA:35,28
DA:38,0
FN:38,MockV3Aggregator.updateRoundData
FNDA:0,MockV3Aggregator.updateRoundData
DA:39,0
DA:40,0
DA:41,0
DA:42,0
DA:43,0
DA:44,0
DA:47,0
FN:47,MockV3Aggregator.getRoundData
FNDA:0,MockV3Aggregator.getRoundData
DA:52,0
DA:55,8
FN:55,MockV3Aggregator.latestRoundData
FNDA:8,MockV3Aggregator.latestRoundData
DA:60,8
DA:69,0
FN:69,MockV3Aggregator.description
FNDA:0,MockV3Aggregator.description
DA:70,0
FNF:6
FNH:3
LF:23
LH:12
BRF:0
BRH:0
end_of_record
